TN:
SF:app.js
FN:11,(anonymous_0)
FNF:1
FNH:0
FNDA:0,(anonymous_0)
DA:1,1
DA:2,1
DA:3,1
DA:5,1
DA:7,1
DA:8,1
DA:9,1
DA:11,1
DA:12,0
DA:15,1
LF:10
LH:9
BRF:0
BRH:0
end_of_record
TN:
SF:controllers\trackController.js
FN:5,(anonymous_0)
FN:16,(anonymous_1)
FN:45,(anonymous_2)
FN:58,(anonymous_3)
FNF:4
FNH:1
FNDA:3,(anonymous_0)
FNDA:0,(anonymous_1)
FNDA:0,(anonymous_2)
FNDA:0,(anonymous_3)
DA:1,2
DA:5,2
DA:6,3
DA:7,3
DA:8,2
DA:10,1
DA:16,2
DA:17,0
DA:18,0
DA:21,0
DA:22,0
DA:25,0
DA:26,0
DA:29,0
DA:36,0
DA:37,0
DA:39,0
DA:45,2
DA:46,0
DA:47,0
DA:50,0
DA:52,0
DA:58,2
DA:59,0
DA:60,0
DA:61,0
DA:63,0
LF:27
LH:9
BRDA:25,0,0,0
BRDA:25,0,1,0
BRDA:25,1,0,0
BRDA:25,1,1,0
BRDA:25,1,2,0
BRDA:25,1,3,0
BRDA:25,1,4,0
BRF:7
BRH:0
end_of_record
TN:
SF:models\Track.js
FNF:0
FNH:0
DA:1,3
DA:3,3
DA:26,3
DA:27,3
LF:4
LH:4
BRF:0
BRH:0
end_of_record
TN:
SF:routes\trackRoutes.js
FNF:0
FNH:0
DA:1,1
DA:2,1
DA:9,1
DA:11,1
DA:12,1
DA:13,1
DA:14,1
DA:16,1
LF:8
LH:8
BRF:0
BRH:0
end_of_record
